[    0.000000] Linux version 4.15.0-167-generic (buildd@lcy02-amd64-045) (gcc version 7.5.0 (Ubuntu 7.5.0-3ubuntu1~18.04)) #175-Ubuntu SMP Wed Jan 5 01:56:07 UTC 2022 (Ubuntu 4.15.0-167.175-generic 4.15.18)
[    0.000000] Command line: BOOT_IMAGE=/boot/vmlinuz-4.15.0-167-generic root=LABEL=cloudimg-rootfs ro console=tty1 console=ttyS0
[    0.000000] KERNEL supported cpus:
[    0.000000]   Intel GenuineIntel
[    0.000000]   AMD AuthenticAMD
[    0.000000]   Centaur CentaurHauls
[    0.000000] x86/fpu: Supporting XSAVE feature 0x001: 'x87 floating point registers'
[    0.000000] x86/fpu: Supporting XSAVE feature 0x002: 'SSE registers'
[    0.000000] x86/fpu: Supporting XSAVE feature 0x004: 'AVX registers'
[    0.000000] x86/fpu: xstate_offset[2]:  576, xstate_sizes[2]:  256
[    0.000000] x86/fpu: Enabled xstate features 0x7, context size is 832 bytes, using 'standard' format.
[    0.000000] e820: BIOS-provided physical RAM map:
[    0.000000] BIOS-e820: [mem 0x0000000000000000-0x000000000009fbff] usable
[    0.000000] BIOS-e820: [mem 0x000000000009fc00-0x000000000009ffff] reserved
[    0.000000] BIOS-e820: [mem 0x00000000000f0000-0x00000000000fffff] reserved
[    0.000000] BIOS-e820: [mem 0x0000000000100000-0x000000003ffeffff] usable
[    0.000000] BIOS-e820: [mem 0x000000003fff0000-0x000000003fffffff] ACPI data
[    0.000000] BIOS-e820: [mem 0x00000000fec00000-0x00000000fec00fff] reserved
[    0.000000] BIOS-e820: [mem 0x00000000fee00000-0x00000000fee00fff] reserved
[    0.000000] BIOS-e820: [mem 0x00000000fffc0000-0x00000000ffffffff] reserved
[    0.000000] NX (Execute Disable) protection: active
[    0.000000] SMBIOS 2.5 present.
[    0.000000] DMI: innotek GmbH VirtualBox/VirtualBox, BIOS VirtualBox 12/01/2006
[    0.000000] Hypervisor detected: KVM
[    0.000000] e820: last_pfn = 0x3fff0 max_arch_pfn = 0x400000000
[    0.000000] MTRR: Disabled
[    0.000000] x86/PAT: MTRRs disabled, skipping PAT initialization too.
[    0.000000] CPU MTRRs all blank - virtualized system.
[    0.000000] x86/PAT: Configuration [0-7]: WB  WT  UC- UC  WB  WT  UC- UC  
[    0.000000] found SMP MP-table at [mem 0x0009fff0-0x0009ffff]
[    0.000000] Scanning 1 areas for low memory corruption
[    0.000000] RAMDISK: [mem 0x359c9000-0x36cdbfff]
[    0.000000] ACPI: Early table checksum verification disabled
[    0.000000] ACPI: RSDP 0x00000000000E0000 000024 (v02 VBOX  )
[    0.000000] ACPI: XSDT 0x000000003FFF0030 00003C (v01 VBOX   VBOXXSDT 00000001 ASL  00000061)
[    0.000000] ACPI: FACP 0x000000003FFF00F0 0000F4 (v04 VBOX   VBOXFACP 00000001 ASL  00000061)
[    0.000000] ACPI: DSDT 0x000000003FFF0470 002325 (v02 VBOX   VBOXBIOS 00000002 INTL 20100528)
[    0.000000] ACPI: FACS 0x000000003FFF0200 000040
[    0.000000] ACPI: FACS 0x000000003FFF0200 000040
[    0.000000] ACPI: APIC 0x000000003FFF0240 00005C (v02 VBOX   VBOXAPIC 00000001 ASL  00000061)
[    0.000000] ACPI: SSDT 0x000000003FFF02A0 0001CC (v01 VBOX   VBOXCPUT 00000002 INTL 20100528)
[    0.000000] ACPI: Reserving FACP table memory at [mem 0x3fff00f0-0x3fff01e3]
[    0.000000] ACPI: Reserving DSDT table memory at [mem 0x3fff0470-0x3fff2794]
[    0.000000] ACPI: Reserving FACS table memory at [mem 0x3fff0200-0x3fff023f]
[    0.000000] ACPI: Reserving FACS table memory at [mem 0x3fff0200-0x3fff023f]
[    0.000000] ACPI: Reserving APIC table memory at [mem 0x3fff0240-0x3fff029b]
[    0.000000] ACPI: Reserving SSDT table memory at [mem 0x3fff02a0-0x3fff046b]
[    0.000000] No NUMA configuration found
[    0.000000] Faking a node at [mem 0x0000000000000000-0x000000003ffeffff]
[    0.000000] NODE_DATA(0) allocated [mem 0x3ffc5000-0x3ffeffff]
[    0.000000] kvm-clock: cpu 0, msr 0:3ff44001, primary cpu clock
[    0.000000] kvm-clock: Using msrs 4b564d01 and 4b564d00
[    0.000000] kvm-clock: using sched offset of 3077524589 cycles
[    0.000000] clocksource: kvm-clock: mask: 0xffffffffffffffff max_cycles: 0x1cd42e4dffb, max_idle_ns: 881590591483 ns
[    0.000000] Zone ranges:
[    0.000000]   DMA      [mem 0x0000000000001000-0x0000000000ffffff]
[    0.000000]   DMA32    [mem 0x0000000001000000-0x000000003ffeffff]
[    0.000000]   Normal   empty
[    0.000000]   Device   empty
[    0.000000] Movable zone start for each node
[    0.000000] Early memory node ranges
[    0.000000]   node   0: [mem 0x0000000000001000-0x000000000009efff]
[    0.000000]   node   0: [mem 0x0000000000100000-0x000000003ffeffff]
[    0.000000] Reserved but unavailable: 104 pages
[    0.000000] Initmem setup node 0 [mem 0x0000000000001000-0x000000003ffeffff]
[    0.000000] ACPI: PM-Timer IO Port: 0x4008
[    0.000000] IOAPIC[0]: apic_id 2, version 32, address 0xfec00000, GSI 0-23
[    0.000000] ACPI: INT_SRC_OVR (bus 0 bus_irq 0 global_irq 2 dfl dfl)
[    0.000000] ACPI: INT_SRC_OVR (bus 0 bus_irq 9 global_irq 9 low level)
[    0.000000] Using ACPI (MADT) for SMP configuration information
[    0.000000] smpboot: Allowing 2 CPUs, 0 hotplug CPUs
[    0.000000] PM: Registered nosave memory: [mem 0x00000000-0x00000fff]
[    0.000000] PM: Registered nosave memory: [mem 0x0009f000-0x0009ffff]
[    0.000000] PM: Registered nosave memory: [mem 0x000a0000-0x000effff]
[    0.000000] PM: Registered nosave memory: [mem 0x000f0000-0x000fffff]
[    0.000000] e820: [mem 0x40000000-0xfebfffff] available for PCI devices
[    0.000000] Booting paravirtualized kernel on KVM
[    0.000000] clocksource: refined-jiffies: mask: 0xffffffff max_cycles: 0xffffffff, max_idle_ns: 7645519600211568 ns
[    0.000000] random: get_random_bytes called from start_kernel+0x99/0x500 with crng_init=0
[    0.000000] setup_percpu: NR_CPUS:8192 nr_cpumask_bits:2 nr_cpu_ids:2 nr_node_ids:1
[    0.000000] percpu: Embedded 50 pages/cpu s167936 r8192 d28672 u1048576
[    0.000000] PV qspinlock hash table entries: 256 (order: 0, 4096 bytes)
[    0.000000] Built 1 zonelists, mobility grouping on.  Total pages: 257913
[    0.000000] Policy zone: DMA32
[    0.000000] Kernel command line: BOOT_IMAGE=/boot/vmlinuz-4.15.0-167-generic root=LABEL=cloudimg-rootfs ro console=tty1 console=ttyS0
[    0.000000] Memory: 982636K/1048120K available (12300K kernel code, 2483K rwdata, 4324K rodata, 2476K init, 2724K bss, 65484K reserved, 0K cma-reserved)
[    0.000000] SLUB: HWalign=64, Order=0-3, MinObjects=0, CPUs=2, Nodes=1
[    0.000000] Kernel/User page tables isolation: enabled
[    0.000000] ftrace: allocating 39494 entries in 155 pages
[    0.004000] Hierarchical RCU implementation.
[    0.004000] 	RCU restricting CPUs from NR_CPUS=8192 to nr_cpu_ids=2.
[    0.004000] 	Tasks RCU enabled.
[    0.004000] RCU: Adjusting geometry for rcu_fanout_leaf=16, nr_cpu_ids=2
[    0.004000] NR_IRQS: 524544, nr_irqs: 440, preallocated irqs: 16
[    0.004000] Console: colour VGA+ 80x25
[    0.004000] console [tty1] enabled
[    0.004000] console [ttyS0] enabled
[    0.004000] ACPI: Core revision 20170831
[    0.004000] ACPI: 2 ACPI AML tables successfully acquired and loaded
[    0.004000] APIC: Switch to symmetric I/O mode setup
[    0.004000] x2apic enabled
[    0.004000] Switched APIC routing to physical x2apic.
[    0.004000] ..TIMER: vector=0x30 apic1=0 pin1=2 apic2=-1 pin2=-1
[    0.004000] tsc: Detected 4199.996 MHz processor
[    0.004000] Calibrating delay loop (skipped) preset value.. 8399.99 BogoMIPS (lpj=16799984)
[    0.004002] pid_max: default: 32768 minimum: 301
[    0.004533] Security Framework initialized
[    0.004998] Yama: becoming mindful.
[    0.005414] AppArmor: AppArmor initialized
[    0.006120] Dentry cache hash table entries: 131072 (order: 8, 1048576 bytes)
[    0.006913] Inode-cache hash table entries: 65536 (order: 7, 524288 bytes)
[    0.008006] Mount-cache hash table entries: 2048 (order: 2, 16384 bytes)
[    0.008724] Mountpoint-cache hash table entries: 2048 (order: 2, 16384 bytes)
[    0.009645] Last level iTLB entries: 4KB 64, 2MB 8, 4MB 8
[    0.010240] Last level dTLB entries: 4KB 64, 2MB 0, 4MB 0, 1GB 4
[    0.010890] Spectre V1 : Mitigation: usercopy/swapgs barriers and __user pointer sanitization
[    0.011820] Spectre V2 : Mitigation: Full generic retpoline
[    0.012001] Spectre V2 : Spectre v2 / SpectreRSB mitigation: Filling RSB on context switch
[    0.012905] Speculative Store Bypass: Vulnerable
[    0.013441] SRBDS: Unknown: Dependent on hypervisor status
[    0.014041] MDS: Mitigation: Clear CPU buffers
[    0.014638] Freeing SMP alternatives memory: 36K
[    0.125259] smpboot: CPU0: Intel(R) Core(TM) i7-7700K CPU @ 4.20GHz (family: 0x6, model: 0x9e, stepping: 0x9)
[    0.126394] Performance Events: unsupported p6 CPU model 158 no PMU driver, software events only.
[    0.127389] Hierarchical SRCU implementation.
[    0.128000] NMI watchdog: Perf event create on CPU 0 failed with -2
[    0.128000] NMI watchdog: Perf NMI watchdog permanently disabled
[    0.128025] smp: Bringing up secondary CPUs ...
[    0.128584] x86: Booting SMP configuration:
[    0.129066] .... node  #0, CPUs:      #1
[    0.004000] kvm-clock: cpu 1, msr 0:3ff44041, secondary cpu clock
[    0.132011] smp: Brought up 1 node, 2 CPUs
[    0.132481] smpboot: Max logical packages: 1
[    0.132990] smpboot: Total of 2 processors activated (16799.98 BogoMIPS)
[    0.133793] devtmpfs: initialized
[    0.133793] x86/mm: Memory block size: 128MB
[    0.133793] evm: security.selinux
[    0.133793] evm: security.SMACK64
[    0.136003] evm: security.SMACK64EXEC
[    0.136429] evm: security.SMACK64TRANSMUTE
[    0.136910] evm: security.SMACK64MMAP
[    0.137343] evm: security.apparmor
[    0.137743] evm: security.ima
[    0.138115] evm: security.capability
[    0.138548] clocksource: jiffies: mask: 0xffffffff max_cycles: 0xffffffff, max_idle_ns: 7645041785100000 ns
[    0.138548] futex hash table entries: 512 (order: 3, 32768 bytes)
[    0.140021] pinctrl core: initialized pinctrl subsystem
[    0.140872] RTC time: 16:48:17, date: 03/07/22
[    0.141470] NET: Registered protocol family 16
[    0.142017] audit: initializing netlink subsys (disabled)
[    0.142643] audit: type=2000 audit(1646671702.153:1): state=initialized audit_enabled=0 res=1
[    0.144009] cpuidle: using governor ladder
[    0.144483] cpuidle: using governor menu
[    0.144976] ACPI: bus type PCI registered
[    0.145437] acpiphp: ACPI Hot Plug PCI Controller Driver version: 0.5
[    0.146200] PCI: Using configuration type 1 for base access
[    0.146840] HugeTLB registered 2.00 MiB page size, pre-allocated 0 pages
[    0.148034] ACPI: Added _OSI(Module Device)
[    0.148535] ACPI: Added _OSI(Processor Device)
[    0.149035] ACPI: Added _OSI(3.0 _SCP Extensions)
[    0.149575] ACPI: Added _OSI(Processor Aggregator Device)
[    0.150182] ACPI: Added _OSI(Linux-Dell-Video)
[    0.150683] ACPI: Added _OSI(Linux-Lenovo-NV-HDMI-Audio)
[    0.151289] ACPI: Added _OSI(Linux-HPI-Hybrid-Graphics)
[    0.152192] ACPI: Executed 1 blocks of module-level executable AML code
[    0.154952] ACPI: Interpreter enabled
[    0.155404] ACPI: (supports S0 S5)
[    0.155804] ACPI: Using IOAPIC for interrupt routing
[    0.156151] PCI: Using host bridge windows from ACPI; if necessary, use "pci=nocrs" and report a bug
[    0.157265] ACPI: Enabled 2 GPEs in block 00 to 07
[    0.161860] ACPI: PCI Root Bridge [PCI0] (domain 0000 [bus 00-ff])
[    0.162558] acpi PNP0A03:00: _OSC: OS supports [ASPM ClockPM Segments MSI]
[    0.163606] acpi PNP0A03:00: _OSC: not requesting OS control; OS requires [ExtendedConfig ASPM ClockPM MSI]
[    0.164007] acpi PNP0A03:00: fail to add MMCONFIG information, can't access extended PCI configuration space under this bridge.
[    0.165516] PCI host bridge to bus 0000:00
[    0.165985] pci_bus 0000:00: root bus resource [io  0x0000-0x0cf7 window]
[    0.166729] pci_bus 0000:00: root bus resource [io  0x0d00-0xffff window]
[    0.167472] pci_bus 0000:00: root bus resource [mem 0x000a0000-0x000bffff window]
[    0.168001] pci_bus 0000:00: root bus resource [mem 0x40000000-0xfdffffff window]
[    0.168847] pci_bus 0000:00: root bus resource [bus 00-ff]
[    0.172443] pci 0000:00:01.1: legacy IDE quirk: reg 0x10: [io  0x01f0-0x01f7]
[    0.173256] pci 0000:00:01.1: legacy IDE quirk: reg 0x14: [io  0x03f6]
[    0.173969] pci 0000:00:01.1: legacy IDE quirk: reg 0x18: [io  0x0170-0x0177]
[    0.174735] pci 0000:00:01.1: legacy IDE quirk: reg 0x1c: [io  0x0376]
[    0.182095] pci 0000:00:07.0: quirk: [io  0x4000-0x403f] claimed by PIIX4 ACPI
[    0.182936] pci 0000:00:07.0: quirk: [io  0x4100-0x410f] claimed by PIIX4 SMB
[    0.187899] ACPI: PCI Interrupt Link [LNKA] (IRQs 5 9 10 *11)
[    0.188201] ACPI: PCI Interrupt Link [LNKB] (IRQs 5 9 *10 11)
[    0.188920] ACPI: PCI Interrupt Link [LNKC] (IRQs 5 *9 10 11)
[    0.189636] ACPI: PCI Interrupt Link [LNKD] (IRQs 5 9 10 *11)
[    0.190447] SCSI subsystem initialized
[    0.190905] pci 0000:00:02.0: vgaarb: setting as boot VGA device
[    0.190905] pci 0000:00:02.0: vgaarb: VGA device added: decodes=io+mem,owns=io+mem,locks=none
[    0.192006] pci 0000:00:02.0: vgaarb: bridge control possible
[    0.192656] vgaarb: loaded
[    0.192998] ACPI: bus type USB registered
[    0.193466] usbcore: registered new interface driver usbfs
[    0.194093] usbcore: registered new interface driver hub
[    0.194700] usbcore: registered new device driver usb
[    0.196032] EDAC MC: Ver: 3.0.0
[    0.196546] PCI: Using ACPI for IRQ routing
[    0.196666] NetLabel: Initializing
[    0.197069] NetLabel:  domain hash size = 128
[    0.197576] NetLabel:  protocols = UNLABELED CIPSOv4 CALIPSO
[    0.198205] NetLabel:  unlabeled traffic allowed by default
[    0.198845] clocksource: Switched to clocksource kvm-clock
[    0.202356] VFS: Disk quotas dquot_6.6.0
[    0.202848] VFS: Dquot-cache hash table entries: 512 (order 0, 4096 bytes)
[    0.203652] AppArmor: AppArmor Filesystem Enabled
[    0.204212] pnp: PnP ACPI init
[    0.205215] pnp: PnP ACPI: found 3 devices
[    0.212236] clocksource: acpi_pm: mask: 0xffffff max_cycles: 0xffffff, max_idle_ns: 2085701024 ns
[    0.213249] NET: Registered protocol family 2
[    0.213763] IP idents hash table entries: 16384 (order: 5, 131072 bytes)
[    0.214780] TCP established hash table entries: 8192 (order: 4, 65536 bytes)
[    0.215586] TCP bind hash table entries: 8192 (order: 5, 131072 bytes)
[    0.216328] TCP: Hash tables configured (established 8192 bind 8192)
[    0.217028] UDP hash table entries: 512 (order: 2, 16384 bytes)
[    0.217754] UDP-Lite hash table entries: 512 (order: 2, 16384 bytes)
[    0.218489] NET: Registered protocol family 1
[    0.218988] pci 0000:00:00.0: Limiting direct PCI/PCI transfers
[    0.219664] pci 0000:00:01.0: Activating ISA DMA hang workarounds
[    0.220389] pci 0000:00:02.0: Video device with shadowed ROM at [mem 0x000c0000-0x000dffff]
[    0.221369] Unpacking initramfs...
[    0.390441] Freeing initrd memory: 19532K
[    0.390967] clocksource: tsc: mask: 0xffffffffffffffff max_cycles: 0x3c8a5dbeece, max_idle_ns: 440795356272 ns
[    0.392058] platform rtc_cmos: registered platform RTC device (no PNP device found)
[    0.392991] Scanning for low memory corruption every 60 seconds
[    0.394007] Initialise system trusted keyrings
[    0.394534] Key type blacklist registered
[    0.395024] workingset: timestamp_bits=36 max_order=18 bucket_order=0
[    0.396326] zbud: loaded
[    0.396933] squashfs: version 4.0 (2009/01/31) Phillip Lougher
[    0.397743] fuse init (API version 7.26)
[    0.399223] Key type asymmetric registered
[    0.399694] Asymmetric key parser 'x509' registered
[    0.400298] Block layer SCSI generic (bsg) driver version 0.4 loaded (major 246)
[    0.401155] io scheduler noop registered
[    0.401621] io scheduler deadline registered
[    0.402118] io scheduler cfq registered (default)
[    0.402807] ACPI: AC Adapter [AC] (on-line)
[    0.403329] input: Power Button as /devices/LNXSYSTM:00/LNXPWRBN:00/input/input0
[    0.404197] ACPI: Power Button [PWRF]
[    0.404662] input: Sleep Button as /devices/LNXSYSTM:00/LNXSLPBN:00/input/input1
[    0.405529] ACPI: Sleep Button [SLPF]
[    0.406131] Serial: 8250/16550 driver, 32 ports, IRQ sharing enabled
[    0.427262] 00:02: ttyS0 at I/O 0x3f8 (irq = 4, base_baud = 115200) is a 16550A
[    0.429491] Linux agpgart interface v0.103
[    0.430759] loop: module loaded
[    0.431456] scsi host0: ata_piix
[    0.431910] scsi host1: ata_piix
[    0.432329] ata1: PATA max UDMA/33 cmd 0x1f0 ctl 0x3f6 bmdma 0xd000 irq 14
[    0.433086] ata2: PATA max UDMA/33 cmd 0x170 ctl 0x376 bmdma 0xd008 irq 15
[    0.433875] libphy: Fixed MDIO Bus: probed
[    0.434346] tun: Universal TUN/TAP device driver, 1.6
[    0.435218] PPP generic driver version 2.4.2
[    0.435754] ehci_hcd: USB 2.0 'Enhanced' Host Controller (EHCI) Driver
[    0.436503] ehci-pci: EHCI PCI platform driver
[    0.437015] ehci-platform: EHCI generic platform driver
[    0.437613] ohci_hcd: USB 1.1 'Open' Host Controller (OHCI) Driver
[    0.438297] ohci-pci: OHCI PCI platform driver
[    0.438807] ohci-platform: OHCI generic platform driver
[    0.439401] uhci_hcd: USB Universal Host Controller Interface driver
[    0.440115] i8042: PNP: PS/2 Controller [PNP0303:PS2K,PNP0f03:PS2M] at 0x60,0x64 irq 1,12
[    0.441398] serio: i8042 KBD port at 0x60,0x64 irq 1
[    0.441967] serio: i8042 AUX port at 0x60,0x64 irq 12
[    0.442615] mousedev: PS/2 mouse device common for all mice
[    0.443574] input: AT Translated Set 2 keyboard as /devices/platform/i8042/serio0/input/input2
[    0.444568] rtc_cmos rtc_cmos: rtc core: registered rtc_cmos as rtc0
[    0.445402] rtc_cmos rtc_cmos: alarms up to one day, 114 bytes nvram
[    0.446110] i2c /dev entries driver
[    0.446543] device-mapper: uevent: version 1.0.3
[    0.447132] device-mapper: ioctl: 4.37.0-ioctl (2017-09-20) initialised: dm-devel@redhat.com
[    0.448173] ledtrig-cpu: registered to indicate activity on CPUs
[    0.448999] NET: Registered protocol family 10
[    0.451471] Segment Routing with IPv6
[    0.451908] NET: Registered protocol family 17
[    0.452472] Key type dns_resolver registered
[    0.453077] mce: Using 0 MCE banks
[    0.453519] RAS: Correctable Errors collector initialized.
[    0.454153] sched_clock: Marking stable (453061431, 0)->(551649612, -98588181)
[    0.455192] registered taskstats version 1
[    0.455666] Loading compiled-in X.509 certificates
[    0.457496] Loaded X.509 cert 'Build time autogenerated kernel key: 51c91b167e8daada285dd448a981da05683ebd03'
[    0.458959] Loaded X.509 cert 'Canonical Ltd. Live Patch Signing: 14df34d1a87cf37625abec039ef2bf521249b969'
[    0.460422] Loaded X.509 cert 'Canonical Ltd. Kernel Module Signing: 88f752e560a1e0737e31163a466ad7b70a850c19'
[    0.461549] blacklist: Loading compiled-in revocation X.509 certificates
[    0.462311] Loaded X.509 cert 'Canonical Ltd. Secure Boot Signing: 61482aa2830d0ab2ad5af10b7250da9033ddcef0'
[    0.463413] zswap: loaded using pool lzo/zbud
[    0.465816] Key type big_key registered
[    0.466265] Key type trusted registered
[    0.467579] Key type encrypted registered
[    0.468057] AppArmor: AppArmor sha1 policy hashing enabled
[    0.468694] ima: No TPM chip found, activating TPM-bypass! (rc=-19)
[    0.469387] ima: Allocated hash algorithm: sha1
[    0.469922] evm: HMAC attrs: 0x1
[    0.470463]   Magic number: 14:989:842
[    0.470975] rtc_cmos rtc_cmos: setting system clock to 2022-03-07 16:48:17 UTC (1646671697)
[    0.471962] BIOS EDD facility v0.16 2004-Jun-25, 0 devices found
[    0.472666] EDD information not available.
[    0.837469] Freeing unused kernel image memory: 2476K
[    1.120508] Write protecting the kernel read-only data: 20480k
[    1.121429] Freeing unused kernel image memory: 2008K
[    1.122151] Freeing unused kernel image memory: 1820K
[    1.126398] x86/mm: Checked W+X mappings: passed, no W+X pages found.
[    1.127098] x86/mm: Checking user space page tables
[    1.131236] x86/mm: Checked W+X mappings: passed, no W+X pages found.
Loading, please wait...
starting version 237
[    1.171038] e1000: Intel(R) PRO/1000 Network Driver - version 7.3.21-k8-NAPI
[    1.171830] e1000: Copyright (c) 1999-2006 Intel Corporation.
[    1.181332] Fusion MPT base driver 3.04.20
[    1.181820] Copyright (c) 1999-2008 LSI Corporation
[    1.185515] Fusion MPT SPI Host driver 3.04.20
[    1.193826] AVX2 version of gcm_enc/dec engaged.
[    1.194378] AES CTR mode by8 optimization enabled
[    1.403595] input: ImExPS/2 Generic Explorer Mouse as /devices/platform/i8042/serio1/input/input4
[    1.522749] e1000 0000:00:03.0 eth0: (PCI:33MHz:32-bit) 02:3b:ab:4a:a3:42
[    1.523510] e1000 0000:00:03.0 eth0: Intel(R) PRO/1000 Network Connection
[    1.524821] mptbase: ioc0: Initiating bringup
[    2.449789] ioc0: LSI53C1030 A0: Capabilities={Initiator}
[    4.506684] scsi host2: ioc0: LSI53C1030 A0, FwRev=00000000h, Ports=1, MaxQ=256, IRQ=20
[    6.227056] scsi 2:0:0:0: Direct-Access     VBOX     HARDDISK         1.0  PQ: 0 ANSI: 5
[    6.268088] scsi target2:0:0: Beginning Domain Validation
[    6.269287] scsi target2:0:0: Domain Validation skipping write tests
[    6.270019] scsi target2:0:0: Ending Domain Validation
[    6.270650] scsi target2:0:0: asynchronous
[    6.271360] scsi 2:0:1:0: Direct-Access     VBOX     HARDDISK         1.0  PQ: 0 ANSI: 5
[    6.540845] scsi target2:0:1: Beginning Domain Validation
[    6.542056] random: fast init done
[    6.542059] scsi target2:0:1: Domain Validation skipping write tests
[    6.543166] scsi target2:0:1: Ending Domain Validation
[    6.543784] scsi target2:0:1: asynchronous
[    6.546128] random: systemd-udevd: uninitialized urandom read (16 bytes read)
[    6.546926] random: systemd-udevd: uninitialized urandom read (16 bytes read)
[    6.547711] random: systemd-udevd: uninitialized urandom read (16 bytes read)
[    6.549100] sd 2:0:0:0: [sda] 83886080 512-byte logical blocks: (42.9 GB/40.0 GiB)
[    6.549111] sd 2:0:0:0: Attached scsi generic sg0 type 0
[    6.550051] sd 2:0:0:0: [sda] Write Protect is off
[    6.550724] sd 2:0:1:0: Attached scsi generic sg1 type 0
[    6.551853] sd 2:0:0:0: [sda] Incomplete mode parameter data
[    6.552512] sd 2:0:0:0: [sda] Assuming drive cache: write through
[    6.552520] sd 2:0:1:0: [sdb] 20480 512-byte logical blocks: (10.5 MB/10.0 MiB)
[    6.554140] sd 2:0:1:0: [sdb] Write Protect is off
[    6.554768] sd 2:0:1:0: [sdb] Incomplete mode parameter data
[    6.555149]  sda: sda1
[    6.555404] sd 2:0:1:0: [sdb] Assuming drive cache: write through
[    6.556865] sd 2:0:0:0: [sda] Attached SCSI disk
[    6.566583] sd 2:0:1:0: [sdb] Attached SCSI disk
[    6.571643] e1000 0000:00:08.0 eth1: (PCI:33MHz:32-bit) 08:00:27:ac:23:7a
[    6.572445] e1000 0000:00:08.0 eth1: Intel(R) PRO/1000 Network Connection
[    6.573918] e1000 0000:00:03.0 enp0s3: renamed from eth0
[    6.588413] e1000 0000:00:08.0 enp0s8: renamed from eth1
Begin: Loading essential drivers ... [    7.916027] raid6: sse2x1   gen() 15551 MB/s
[    7.964034] raid6: sse2x1   xor() 11398 MB/s
[    8.012049] raid6: sse2x2   gen() 19137 MB/s
[    8.060064] raid6: sse2x2   xor() 12958 MB/s
[    8.108051] raid6: sse2x4   gen() 22265 MB/s
[    8.156061] raid6: sse2x4   xor() 13478 MB/s
[    8.204057] raid6: avx2x1   gen() 31233 MB/s
[    8.252061] raid6: avx2x1   xor() 21671 MB/s
[    8.300049] raid6: avx2x2   gen() 37916 MB/s
[    8.348060] raid6: avx2x2   xor() 23931 MB/s
[    8.396061] raid6: avx2x4   gen() 43558 MB/s
[    8.444067] raid6: avx2x4   xor() 27154 MB/s
[    8.444573] raid6: using algorithm avx2x4 gen() 43558 MB/s
[    8.445184] raid6: .... xor() 27154 MB/s, rmw enabled
[    8.445756] raid6: using avx2x2 recovery algorithm
[    8.446921] xor: automatically using best checksumming function   avx       
[    8.448243] async_tx: api initialized (async)
done.
Begin: Running /scripts/init-premount ... done.
Begin: Mounting root file system ... Begin: Running /scripts/local-top ... done.
Begin: Running /scripts/local-premount ... [    8.475209] Btrfs loaded, crc32c=crc32c-intel
Scanning for Btrfs filesystems
done.
Warning: fsck not present, so skipping root file system
[    8.491729] EXT4-fs (sda1): mounted filesystem with ordered data mode. Opts: (null)
done.
Begin: Running /scripts/local-bottom ... done.
Begin: Running /scripts/init-bottom ... done.
[    8.614918] ip_tables: (C) 2000-2006 Netfilter Core Team
[    8.620257] systemd[1]: systemd 237 running in system mode. (+PAM +AUDIT +SELINUX +IMA +APPARMOR +SMACK +SYSVINIT +UTMP +LIBCRYPTSETUP +GCRYPT +GNUTLS +ACL +XZ +LZ4 +SECCOMP +BLKID +ELFUTILS +KMOD -IDN2 +IDN -PCRE2 default-hierarchy=hybrid)
[    8.622565] systemd[1]: Detected virtualization oracle.
[    8.623158] systemd[1]: Detected architecture x86-64.

Welcome to [1mUbuntu 18.04.6 LTS[0m!

[    8.626549] systemd[1]: Set hostname to <ubuntu>.
[    8.628535] systemd[1]: Initializing machine ID from random generator.
[    8.629273] systemd[1]: Installed transient /etc/machine-id file.
[    8.782440] systemd[1]: Reached target Swap.
[[0;32m  OK  [0m] Reached target Swap.
[    8.784260] systemd[1]: Created slice User and Session Slice.
[[0;32m  OK  [0m] Created slice User and Session Slice.
[    8.785410] systemd[1]: Reached target System Time Synchronized.
[[0;32m  OK  [0m] Reached target System Time Synchronized.
[    8.786635] systemd[1]: Started Forward Password Requests to Wall Directory Watch.
[[0;32m  OK  [0m] Started Forward Password Requests to Wall Directory Watch.
[[0;32m  OK  [0m] Created slice System Slice.
[[0;32m  OK  [0m] Listening on /dev/initctl Compatibility Named Pipe.
[[0;32m  OK  [0m] Listening on LVM2 poll daemon socket.
[[0;32m  OK  [0m] Listening on udev Kernel Socket.
[[0;32m  OK  [0m] Created slice system-serial\x2dgetty.slice.
[[0;32m  OK  [0m] Listening on Device-mapper event daemon FIFOs.
[[0;32m  OK  [0m] Listening on LVM2 metadata daemon socket.
[[0;32m  OK  [0m] Listening on Journal Audit Socket.
[[0;32m  OK  [0m] Listening on fsck to fsckd communication Socket.
[[0;32m  OK  [0m] Listening on Journal Socket.
         Mounting Kernel Debug File System...
[[0;32m  OK  [0m] Reached target User and Group Name Lookups.
         Mounting Huge Pages File System...
[[0;32m  OK  [0m] Reached target Slices.
         Starting Monitoring of LVM2 mirrors…ng dmeventd or progress polling...
[[0;32m  OK  [0m] Listening on Journal Socket (/dev/log).
         Starting Load Kernel Modules...
         Mounting POSIX Message Queue File System...
[[0;32m  OK  [0m] Listening on Syslog Socket.
         Starting Journal Service...
[[0;32m  OK  [0m] Listening on udev Control Socket.
         Starting udev Coldplug all Devices...
[[0;32m  OK  [0m] Listening on Network Service Netlink Socket.
         Starting File System Check on Root Device...
         Starting Create list of required st…ce nodes for the current kernel...
         Starting Set the console keyboard layout...
[[0;32m  OK  [0m] Set up automount Arbitrary Executab…rmats File System Automount Point.
         Starting Uncomplicated firewall...
[[0;32m  OK  [0m] Started Journal Service.
[[0;32m  OK  [0m] Mounted Kernel Debug File System.
[[0;32m  OK  [0m] Mounted Huge Pages File System.
[[0;32m  OK  [0m] Mounted POSIX Message Queue File System.
[[0;32m  OK  [0m] Started Create list of required sta…vice nodes for the current kernel.
[[0;32m  OK  [0m] Started File System Check Daemon to report status.
[[0;32m  OK  [0m] Started LVM2 metadata daemon.
         Starting Create Static Device Nodes in /dev...
[    8.877642] Loading iSCSI transport class v2.0-870.
[    8.881226] iscsi: registered transport (tcp)
[[0;32m  OK  [0m] Started udev Coldplug all Devices.
[[0;32m  OK  [0m] Started Uncomplicated firewall.
[[0;32m  OK  [0m] Started Create Static Device Nodes in /dev.
[[0;32m  OK  [0m] Started File System Check on Root Device.
         Starting Remount Root and Kernel File Systems...
[    8.934934] iscsi: registered transport (iser)
[[0;32m  OK  [0m] Started Load Kernel Modules.
         Starting Apply Kernel Variables...
         Mounting FUSE Control File System...
         Mounting Kernel Configuration File System...
[[0;32m  OK  [0m] Mounted FUSE Control File System.
[[0;32m  OK  [0m] Mounted Kernel Configuration File System.
[[0;32m  OK  [0m] Started Monitoring of LVM2 mirrors,…sing dmeventd or progress polling.
[[0;32m  OK  [0m] Started Remount Root and Kernel File Systems.
         Starting udev Kernel Device Manager...
         Starting Load/Save Random Seed...
         Starting Flush Journal to Persistent Storage...
[[0;32m  OK  [0m] Started Apply Kernel Variables.
[[0;32m  OK  [0m] Started udev Kernel Device Manager.
[[0;32m  OK  [0m] Started Load/Save Random Seed.
[[0;32m  OK  [0m] Started Flush Journal to Persistent Storage.
[[0;32m  OK  [0m] Found device /dev/ttyS0.
[[0;32m  OK  [0m] Listening on Load/Save RF Kill Switch Status /dev/rfkill Watch.
[[0;32m  OK  [0m] Started Set the console keyboard layout.
[[0;32m  OK  [0m] Started Dispatch Password Requests to Console Directory Watch.
[[0;32m  OK  [0m] Reached target Local Encrypted Volumes.
[[0;32m  OK  [0m] Reached target Local File Systems (Pre).
[[0;32m  OK  [0m] Reached target Local File Systems.
         Starting AppArmor initialization...
         Starting Set console font and keymap...
         Starting Tell Plymouth To Write Out Runtime Data...
         Starting ebtables ruleset management...
         Starting Commit a transient machine-id on disk...
         Starting Create Volatile Files and Directories...
[[0;32m  OK  [0m] Started Tell Plymouth To Write Out Runtime Data.
[[0;32m  OK  [0m] Started Create Volatile Files and Directories.
         Starting Update UTMP about System Boot/Shutdown...
[[0;32m  OK  [0m] Started Update UTMP about System Boot/Shutdown.
[[0;32m  OK  [0m] Started Commit a transient machine-id on disk.
[[0;32m  OK  [0m] Started ebtables ruleset management.
[[0;32m  OK  [0m] Started AppArmor initialization.
         Starting Load AppArmor profiles managed internally by snapd...
         Starting Initial cloud-init job (pre-networking)...
[[0;32m  OK  [0m] Started Load AppArmor profiles managed internally by snapd.
[[0;32m  OK  [0m] Started Set console font and keymap.
[   10.758870] cloud-init[871]: Cloud-init v. 21.4-0ubuntu1~18.04.1 running 'init-local' at Mon, 07 Mar 2022 16:48:27 +0000. Up 10.57 seconds.
[[0;32m  OK  [0m] Started Initial cloud-init job (pre-networking).
[[0;32m  OK  [0m] Reached target Network (Pre).
         Starting Network Service...
[[0;32m  OK  [0m] Started Network Service.
         Starting Wait for Network to be Configured...
         Starting Network Name Resolution...
[[0;32m  OK  [0m] Started Network Name Resolution.
[[0;32m  OK  [0m] Reached target Host and Network Name Lookups.
[[0;32m  OK  [0m] Reached target Network.
[[0;32m  OK  [0m] Started Wait for Network to be Configured.
         Starting Initial cloud-init job (metadata service crawler)...
[   13.052337] cloud-init[1024]: Cloud-init v. 21.4-0ubuntu1~18.04.1 running 'init' at Mon, 07 Mar 2022 16:48:30 +0000. Up 12.97 seconds.
[   13.053554] cloud-init[1024]: ci-info: ++++++++++++++++++++++++++++++++++++++Net device info+++++++++++++++++++++++++++++++++++++++
[   13.054603] cloud-init[1024]: ci-info: +--------+-------+----------------------------+---------------+--------+-------------------+
[   13.055631] cloud-init[1024]: ci-info: | Device |   Up  |          Address           |      Mask     | Scope  |     Hw-Address    |
[   13.057219] cloud-init[1024]: ci-info: +--------+-------+----------------------------+---------------+--------+-------------------+
[   13.058144] cloud-init[1024]: ci-info: | enp0s3 |  True |         10.0.2.15          | 255.255.255.0 | global | 02:3b:ab:4a:a3:42 |
[   13.059272] cloud-init[1024]: ci-info: | enp0s3 |  True | fe80::3b:abff:fe4a:a342/64 |       .       |  link  | 02:3b:ab:4a:a3:42 |
[   13.060335] cloud-init[1024]: ci-info: | enp0s8 | False |             .              |       .       |   .    | 08:00:27:ac:23:7a |
[   13.061340] cloud-init[1024]: ci-info: |   lo   |  True |         127.0.0.1          |   255.0.0.0   |  host  |         .         |
[   13.062336] cloud-init[1024]: ci-info: |   lo   |  True |          ::1/128           |       .       |  host  |         .         |
[   13.063255] cloud-init[1024]: ci-info: +--------+-------+----------------------------+---------------+--------+-------------------+
[   13.064292] cloud-init[1024]: ci-info: ++++++++++++++++++++++++++++Route IPv4 info+++++++++++++++++++++++++++++
[   13.065154] cloud-init[1024]: ci-info: +-------+-------------+----------+-----------------+-----------+-------+
[   13.066013] cloud-init[1024]: ci-info: | Route | Destination | Gateway  |     Genmask     | Interface | Flags |
[   13.066899] cloud-init[1024]: ci-info: +-------+-------------+----------+-----------------+-----------+-------+
[   13.067779] cloud-init[1024]: ci-info: |   0   |   0.0.0.0   | 10.0.2.2 |     0.0.0.0     |   enp0s3  |   UG  |
[   13.068695] cloud-init[1024]: ci-info: |   1   |   10.0.2.0  | 0.0.0.0  |  255.255.255.0  |   enp0s3  |   U   |
[   13.069533] cloud-init[1024]: ci-info: |   2   |   10.0.2.2  | 0.0.0.0  | 255.255.255.255 |   enp0s3  |   UH  |
[   13.070362] cloud-init[1024]: ci-info: +-------+-------------+----------+-----------------+-----------+-------+
[   13.071268] cloud-init[1024]: ci-info: +++++++++++++++++++Route IPv6 info+++++++++++++++++++
[   13.072079] cloud-init[1024]: ci-info: +-------+-------------+---------+-----------+-------+
[   13.072817] cloud-init[1024]: ci-info: | Route | Destination | Gateway | Interface | Flags |
[   13.073744] cloud-init[1024]: ci-info: +-------+-------------+---------+-----------+-------+
[   13.075808] cloud-init[1024]: ci-info: |   1   |  fe80::/64  |    ::   |   enp0s3  |   U   |
[   13.076621] cloud-init[1024]: ci-info: |   3   |    local    |    ::   |   enp0s3  |   U   |
[   13.077449] cloud-init[1024]: ci-info: |   4   |   ff00::/8  |    ::   |   enp0s3  |   U   |
[   13.079150] cloud-init[1024]: ci-info: +-------+-------------+---------+-----------+-------+
[   13.506712] cloud-init[1024]: Generating public/private rsa key pair.
[   13.507376] cloud-init[1024]: Your identification has been saved in /etc/ssh/ssh_host_rsa_key.
[   13.508166] cloud-init[1024]: Your public key has been saved in /etc/ssh/ssh_host_rsa_key.pub.
[   13.509067] cloud-init[1024]: The key fingerprint is:
[   13.509586] cloud-init[1024]: SHA256:pQlIpwr/xGf7ALIZHWKs4e4eRbBZoH/Ve1mYqro5N5U root@ubuntu-bionic
[   13.510372] cloud-init[1024]: The key's randomart image is:
[   13.510921] cloud-init[1024]: +---[RSA 2048]----+
[   13.511403] cloud-init[1024]: | o... .          |
[   13.511891] cloud-init[1024]: |..=. + .   o     |
[   13.512434] cloud-init[1024]: |+o+.+ o . + .    |
[   13.512919] cloud-init[1024]: |.B.= o . * o     |
[   13.513400] cloud-init[1024]: |..*.* o S.o      |
[   13.513886] cloud-init[1024]: |. .O + oE.       |
[   13.514365] cloud-init[1024]: | oo . +.         |
[   13.514849] cloud-init[1024]: |. . .ooo         |
[   13.515327] cloud-init[1024]: |.o  ++ ..        |
[   13.515807] cloud-init[1024]: +----[SHA256]-----+
[   13.516304] cloud-init[1024]: Generating public/private dsa key pair.
[   13.516912] cloud-init[1024]: Your identification has been saved in /etc/ssh/ssh_host_dsa_key.
[   13.517659] cloud-init[1024]: Your public key has been saved in /etc/ssh/ssh_host_dsa_key.pub.
[   13.518416] cloud-init[1024]: The key fingerprint is:
[   13.518930] cloud-init[1024]: SHA256:UhJuaBhjykSBhJ+BvvvzLNCuSChMu0857XUZIRR7Zr4 root@ubuntu-bionic
[   13.519779] cloud-init[1024]: The key's randomart image is:
[   13.520361] cloud-init[1024]: +---[DSA 1024]----+
[   13.520891] cloud-init[1024]: |=*=   .o.        |
[   13.521385] cloud-init[1024]: |*o.+ o...        |
[   13.521902] cloud-init[1024]: |oo.oo +o.=       |
[   13.522416] cloud-init[1024]: | .o. . o* .      |
[   13.522919] cloud-init[1024]: | .o   . So       |
[   13.523426] cloud-init[1024]: |+o..o  .  +      |
[   13.523924] cloud-init[1024]: |o+++ . . E       |
[   13.524469] cloud-init[1024]: |+.o++ . .        |
[   13.524974] cloud-init[1024]: |.o+o++           |
[   13.525483] cloud-init[1024]: +----[SHA256]-----+
[   13.525980] cloud-init[1024]: Generating public/private ecdsa key pair.
[   13.526621] cloud-init[1024]: Your identification has been saved in /etc/ssh/ssh_host_ecdsa_key.
[   13.527417] cloud-init[1024]: Your public key has been saved in /etc/ssh/ssh_host_ecdsa_key.pub.
[   13.528253] cloud-init[1024]: The key fingerprint is:
[   13.528777] cloud-init[1024]: SHA256:UdKoqtVZjPgVnwxfPJu2PgjOnpYK+s1luUt4f0V+J84 root@ubuntu-bionic
[   13.529785] cloud-init[1024]: The key's randomart image is:
[   13.530371] cloud-init[1024]: +---[ECDSA 256]---+
[   13.530911] cloud-init[1024]: |        .o..     |
[   13.531421] cloud-init[1024]: |        +o. +    |
[   13.531908] cloud-init[1024]: |     . +.* o +   |
[   13.532448] cloud-init[1024]: |    . o +.= + .  |
[   13.532942] cloud-init[1024]: |     + +S  . +   |
[   13.533445] cloud-init[1024]: |    o +...  . + o|
[   13.533940] cloud-init[1024]: |   o. .o*o o + o.|
[   13.534463] cloud-init[1024]: |  .. + ==+. + E  |
[   13.534957] cloud-init[1024]: |  ... ++=... .   |
[   13.535458] cloud-init[1024]: +----[SHA256]-----+
[   13.535948] cloud-init[1024]: Generating public/private ed25519 key pair.
[[0;32m  OK  [0m] Started Initial cloud-init job (metadata service crawler).
[[0;32m  OK  [0m] Reached target Cloud-config availability.
[[0;32m  OK  [0m] Reached target System Initialization.
[[0;32m  OK  [0m[   13.538961] cloud-init[1024]: Your identification has been saved in /etc/ssh/ssh_host_ed25519_key.
[   13.539046] cloud-init[1024]: Your public key has been saved in /etc/ssh/ssh_host_ed25519_key.pub.
[   13.539318] cloud-init[1024]: The key fingerprint is:
[   13.539592] cloud-init[1024]: SHA256:vwp1aZJFvU7J87tPPsdbnpyxOyt+d2fs3nATqeLAbrA root@ubuntu-bionic
[   13.539880] cloud-init[1024]: The key's randomart image is:
] Listening on UUID daemon activation socket.
[   13.539965] cloud-init[1024]: +--[ED25519 256]--+
[   13.542320] cloud-init[1024]: |          ..     |
[[   13.542712] cloud-init[1024]: |         .  .    |
[   13.542761] cloud-init[1024]: |          .. o   |
[   13.543059] cloud-init[1024]: |         o .*   .|
[   13.543336] cloud-init[1024]: |        S +o o o |
[   13.543622] cloud-init[1024]: |       o.=  . o .|
[   13.543925] cloud-init[1024]: |      . oo.. ..*+|
[   13.544316] cloud-init[1024]: |       E..o...oX^|
[   13.544607] cloud-init[1024]: |        oo....+#^|
[   13.544893] cloud-init[1024]: +----[SHA256]-----+
[0;32m  OK  [0m] Started Daily apt download activities.
[[0;32m  OK  [0m] Started Ubuntu Advantage Timer for running repeated jobs.
[[0;32m  OK  [0m] Listening on cloud-init hotplug hook socket.
[[0;32m  OK  [0m] Started Discard unused blocks once a week.
         Starting LXD - unix socket.
[[0;32m  OK  [0m] Listening on D-Bus System Message Bus Socket.
[[0;32m  OK  [0m] Started Message of the Day.
[[0;32m  OK  [0m] Started ACPI Events Check.
[[0;32m  OK  [0m] Listening on ACPID Listen Socket.
[[0;32m  OK  [0m] Started Daily apt upgrade and clean activities.
         Starting Socket activation for snappy daemon.
[[0;32m  OK  [0m] Listening on Open-iSCSI iscsid Socket.
[[0;32m  OK  [0m] Started Trigger to poll for Ubuntu …(Only enabled on GCP LTS non-pro).
[[0;32m  OK  [0m] Reached target Paths.
[[0;32m  OK  [0m] Started Daily Cleanup of Temporary Directories.
[[0;32m  OK  [0m] Reached target Timers.
[[0;32m  OK  [0m] Reached target Network is Online.
[[0;32m  OK  [0m] Reached target Remote File Systems (Pre).
[[0;32m  OK  [0m] Reached target Remote File Systems.
         Starting Availability of block devices...
[[0;32m  OK  [0m] Listening on LXD - unix socket.
[[0;32m  OK  [0m] Listening on Socket activation for snappy daemon.
[[0;32m  OK  [0m] Reached target Sockets.
[[0;32m  OK  [0m] Reached target Basic System.
[[0;32m  OK  [0m] Started Regular background program processing daemon.
         Starting Pollinate to seed the pseudo random number generator...
         Starting LSB: automatic crash report generation...
         Starting Permit User Sessions...
         Starting System Logging Service...
         Starting Accounts Service...
         Starting Login Service...
[[0;32m  OK  [0m] Started D-Bus System Message Bus.
[[0;32m  OK  [0m] Started irqbalance daemon.
         Starting Dispatcher daemon for systemd-networkd...
         Starting LSB: Record successful boot for GRUB...
         Starting Snap Daemon...
         Starting Virtualbox guest utils...
[[0;32m  OK  [0m] Started Deferred execution scheduler.
[[0;32m  OK  [0m] Started FUSE filesystem for LXC.
         Starting LXD - container startup/shutdown...
[[0;32m  OK  [0m] Started System Logging Service.
[[0;32m  OK  [0m] Started Availability of block devices.
[[0;32m  OK  [0m] Started Permit User Sessions.
[[0;32m  OK  [0m] Started Login Service.
[[0;32m  OK  [0m] Started Unattended Upgrades Shutdown.
         Starting Terminate Plymouth Boot Screen...
         Starting Hold until boot process finishes up...
[[0;32m  OK  [0m] Started Hold until boot process finishes up.
[[0;32m  OK  [0m] Started Serial Getty on ttyS0.
         Starting Set console scheme...
[[0;32m  OK  [0m] Started Terminate Plymouth Boot Screen.
[[0;32m  OK  [0m] Started LSB: automatic crash report generation.
[[0;32m  OK  [0m] Started Set console scheme.
[[0;32m  OK  [0m] Created slice system-getty.slice.
[[0;32m  OK  [0m] Started Getty on tty1.
[[0;32m  OK  [0m] Reached target Login Prompts.
         Starting Authorization Manager...
[[0;32m  OK  [0m] Started Virtualbox guest utils.
[[0;32m  OK  [0m] Started LSB: Record successful boot for GRUB.
[[0;32m  OK  [0m] Started Authorization Manager.
[[0;32m  OK  [0m] Started Accounts Service.
[[0;32m  OK  [0m] Started LXD - container startup/shutdown.
[[0;32m  OK  [0m] Started Dispatcher daemon for systemd-networkd.
[[0;32m  OK  [0m] Started Snap Daemon.
         Starting Wait until snapd is fully seeded...
         Starting Time & Date Service...
[[0;32m  OK  [0m] Started Time & Date Service.
[[0;32m  OK  [0m] Started Pollinate to seed the pseudo random number generator.
         Starting OpenBSD Secure Shell server...
[[0;32m  OK  [0m] Started OpenBSD Secure Shell server.
[[0;32m  OK  [0m] Created slice User Slice of vagrant.
         Starting User Manager for UID 1000...
[[0;32m  OK  [0m] Started Session 1 of user vagrant.
[[0;32m  OK  [0m] Started User Manager for UID 1000.
[[0;32m  OK  [0m] Started Wait until snapd is fully seeded.
         Starting Apply the settings specified in cloud-config...
[[0;32m  OK  [0m] Reached target Multi-User System.
[[0;32m  OK  [0m] Reached target Graphical Interface.
         Starting Update UTMP about System Runlevel Changes...
[[0;32m  OK  [0m] Started Update UTMP about System Runlevel Changes.
[   16.617667] cloud-init[1685]: Cloud-init v. 21.4-0ubuntu1~18.04.1 running 'modules:config' at Mon, 07 Mar 2022 16:48:33 +0000. Up 16.40 seconds.
[[0;32m  OK  [0m] Started Apply the settings specified in cloud-config.
         Starting Execute cloud user/final scripts...
ci-info: no authorized SSH keys fingerprints found for user ubuntu.
<14>Mar  7 16:48:33 cloud-init: #############################################################
<14>Mar  7 16:48:33 cloud-init: -----BEGIN SSH HOST KEY FINGERPRINTS-----
<14>Mar  7 16:48:33 cloud-init: 1024 SHA256:UhJuaBhjykSBhJ+BvvvzLNCuSChMu0857XUZIRR7Zr4 root@ubuntu-bionic (DSA)
<14>Mar  7 16:48:33 cloud-init: 256 SHA256:UdKoqtVZjPgVnwxfPJu2PgjOnpYK+s1luUt4f0V+J84 root@ubuntu-bionic (ECDSA)
<14>Mar  7 16:48:33 cloud-init: 256 SHA256:vwp1aZJFvU7J87tPPsdbnpyxOyt+d2fs3nATqeLAbrA root@ubuntu-bionic (ED25519)
<14>Mar  7 16:48:33 cloud-init: 2048 SHA256:pQlIpwr/xGf7ALIZHWKs4e4eRbBZoH/Ve1mYqro5N5U root@ubuntu-bionic (RSA)
<14>Mar  7 16:48:33 cloud-init: -----END SSH HOST KEY FINGERPRINTS-----
<14>Mar  7 16:48:33 cloud-init: #############################################################
-----BEGIN SSH HOST KEY KEYS-----
ecdsa-sha2-nistp256 AAAAE2VjZHNhLXNoYTItbmlzdHAyNTYAAAAIbmlzdHAyNTYAAABBBCoKbC3ytX4nFSr0R5VjqWSIvjCB8LP+dGaXL20xvCjSa6sJVPOGVkw+BUfjilgx0FGtfTv/HQXezTjOeCLqtL0= root@ubuntu-bionic
ssh-ed25519 AAAAC3NzaC1lZDI1NTE5AAAAIFguq6sbtapFF1/t1R7sDFgj0YGvNXaNSsypUG67SLS3 root@ubuntu-bionic
ssh-rsa AAAAB3NzaC1yc2EAAAADAQABAAABAQCgmRdROQWSPHL0BYbnHXV1ceQ8IRtQO9hVrRWMIzYVZ38kKh1Howt1oIvkIpGpHDHJhlUsVcBVjYrlhFkahDO2EfUs0Frr4U0sTMEx22QMCBsZMa41SOj8iKuuSqU1sV+dYQF3mCuVIpX79jBWP5Rc2PvaBSWmJsNZimOqpWLMAv2eV+rcQKtoJj2/Or0gJhogQLJRXgUwAvoKzekhlqyoVQI30UpEXJt4HA/ONkJMNmmbc0LmMZFSp+/d+nnsFC+8jrepFDBwHex+wbJ8i2oe/YwtSI4i1K15HEumRtcHXJ1nXv+NBADNvTwvs46au2r0xO1GJ5PFIpLu9Jzab5GB root@ubuntu-bionic
-----END SSH HOST KEY KEYS-----
[   16.983393] cloud-init[1807]: Cloud-init v. 21.4-0ubuntu1~18.04.1 running 'modules:final' at Mon, 07 Mar 2022 16:48:33 +0000. Up 16.88 seconds.
[   16.984508] cloud-init[1807]: ci-info: no authorized SSH keys fingerprints found for user ubuntu.
[   16.985289] cloud-init[1807]: Cloud-init v. 21.4-0ubuntu1~18.04.1 finished at Mon, 07 Mar 2022 16:48:34 +0000. Datasource DataSourceNoCloud [seed=/dev/sdb][dsmode=net].  Up 16.97 seconds
[[0;32m  OK  [0m] Started Execute cloud user/final scripts.
[[0;32m  OK  [0m] Reached target Cloud-init target.

Ubuntu 18.04.6 LTS ubuntu-bionic ttyS0

ubuntu-bionic login: 